<?xml version="1.0" encoding="utf-8"?><testsuites name="pytest tests"><testsuite name="pytest" errors="0" failures="0" skipped="0" tests="11" time="4.571" timestamp="2026-07-19T10:13:38.396178+00:00" hostname="agent-env-92bc63e8-bf0f-455c-b16b-4c5b24ea4981"><testcase classname="backend.tests.test_auth_flow" name="test_root" time="1.260" /><testcase classname="backend.tests.test_auth_flow" name="test_signup" time="0.269" /><testcase classname="backend.tests.test_auth_flow" name="test_signup_duplicate_409" time="0.043" /><testcase classname="backend.tests.test_auth_flow" name="test_signin_correct" time="0.265" /><testcase classname="backend.tests.test_auth_flow" name="test_signin_wrong_password_401" time="0.529" /><testcase classname="backend.tests.test_auth_flow" name="test_signin_brute_force_throttle_429" time="1.714" /><testcase classname="backend.tests.test_auth_flow" name="test_me_valid" time="0.041" /><testcase classname="backend.tests.test_auth_flow" name="test_me_no_token_401" time="0.125" /><testcase classname="backend.tests.test_auth_flow" name="test_me_invalid_token_401" time="0.132" /><testcase classname="backend.tests.test_auth_flow" name="test_google_upsert" time="0.096" /><testcase classname="backend.tests.test_auth_flow" name="test_guest" time="0.041" /></testsuite></testsuites>