<?xml version="1.0" encoding="utf-8"?><testsuites name="pytest tests"><testsuite name="pytest" errors="0" failures="0" skipped="0" tests="9" time="13.852" timestamp="2026-07-19T14:23:35.367497+00:00" hostname="agent-env-92bc63e8-bf0f-455c-b16b-4c5b24ea4981"><testcase classname="backend.tests.backend_test.TestRoot" name="test_root_returns_42" time="0.003" /><testcase classname="backend.tests.backend_test.TestRoot" name="test_assistants_list_has_42" time="0.042" /><testcase classname="backend.tests.backend_test.TestAuthBasic" name="test_guest" time="0.167" /><testcase classname="backend.tests.backend_test.TestAuthBasic" name="test_google_synced" time="0.095" /><testcase classname="backend.tests.backend_test.TestAuthBasic" name="test_me_401_without_token" time="0.042" /><testcase classname="backend.tests.backend_test.TestAuthBasic" name="test_me_ok_with_token" time="0.088" /><testcase classname="backend.tests.backend_test.TestChat" name="test_chat_personal" time="1.972" /><testcase classname="backend.tests.backend_test.TestChat" name="test_chat_requires_auth" time="0.042" /><testcase classname="backend.tests.backend_test.TestChat" name="test_chat_different_assistants_differ" time="11.264" /></testsuite></testsuites>